<?xml version="1.0" encoding="UTF-8"?>
<testsuite xmlns:xsi="http://www.w3.org/2001/XMLSchema-instance" xsi:noNamespaceSchemaLocation="https://maven.apache.org/surefire/maven-surefire-plugin/xsd/surefire-test-report.xsd" name="org.dsvtojsonlconverter.DSVToJSONLConverterTest" time="0.161" tests="10" errors="0" skipped="0" failures="0">
  <properties>
[...]
</properties>
  <testcase name="testConvertToDate" classname="org.dsvtojsonlconverter.DSVToJSONLConverterTest" time="0.099"/>
  <testcase name="testIsDoubleFail" classname="org.dsvtojsonlconverter.DSVToJSONLConverterTest" time="0.001"/>
  <testcase name="testIsDouble" classname="org.dsvtojsonlconverter.DSVToJSONLConverterTest" time="0.001"/>
  <testcase name="testMainMethodWithValidArguments" classname="org.dsvtojsonlconverter.DSVToJSONLConverterTest" time="0.028"/>
  <testcase name="testSplitLine" classname="org.dsvtojsonlconverter.DSVToJSONLConverterTest" time="0.002"/>
  <testcase name="testIsIntegerFail" classname="org.dsvtojsonlconverter.DSVToJSONLConverterTest" time="0.001"/>
  <testcase name="testIsDate" classname="org.dsvtojsonlconverter.DSVToJSONLConverterTest" time="0"/>
  <testcase name="testSplitLineFail" classname="org.dsvtojsonlconverter.DSVToJSONLConverterTest" time="0.002"/>
  <testcase name="testMainMethodWithLessNumberOfArguments" classname="org.dsvtojsonlconverter.DSVToJSONLConverterTest" time="0.003"/>
  <testcase name="testIsInteger" classname="org.dsvtojsonlconverter.DSVToJSONLConverterTest" time="0"/>
</testsuite>